<?xml version="1.0" encoding="UTF-8"?>
<!-- Generated by org.testng.reporters.JUnitReportReporter -->
<testsuite skipped="0" hostname="LAPTOP-JQQSCS6R" name="learning.HomePage" tests="1" failures="0" timestamp="14 May 2020 15:28:52 GMT" time="14.734" errors="0">
  <testcase name="loginPageNav" time="14.734" classname="learning.HomePage"/>
</testsuite> <!-- learning.HomePage -->
