<?xml version="1.0" encoding="UTF-8"?>
<!-- Generated by org.testng.reporters.JUnitReportReporter -->
<testsuite skipped="0" hostname="LAPTOP-JQQSCS6R" name="learning.LoginVerification" tests="2" failures="0" timestamp="14 May 2020 15:28:52 GMT" time="44.603" errors="0">
  <testcase name="loginApplication" time="25.127" classname="learning.LoginVerification"/>
  <testcase name="loginApplication" time="19.476" classname="learning.LoginVerification"/>
</testsuite> <!-- learning.LoginVerification -->
