<?xml version="1.0" encoding="UTF-8"?>
<!-- Generated by org.testng.reporters.JUnitReportReporter -->
<testsuite skipped="0" hostname="LAPTOP-JQQSCS6R" name="learning.LoginVerification" tests="2" failures="0" timestamp="14 May 2020 16:29:02 GMT" time="60.134" errors="0">
  <testcase name="loginApplication" time="12.076" classname="learning.LoginVerification"/>
  <testcase name="loginApplication" time="48.058" classname="learning.LoginVerification"/>
</testsuite> <!-- learning.LoginVerification -->
